<?xml version="1.0" encoding="UTF-8"?>
<!-- Generated by org.testng.reporters.JUnitReportReporter -->
<testsuite hostname="IN01N02623" failures="0" tests="2" name="automationMaven.MavenJAVA.HomePage" time="4.323" errors="0" timestamp="2021-07-05T13:19:58 IST" skipped="1">
  <testcase classname="automationMaven.MavenJAVA.HomePage" name="Live" time="4.323"/>
  <system-out/>
  <testcase classname="automationMaven.MavenJAVA.HomePage" name="Overview">
    <skipped/>
  </testcase> <!-- Overview -->
  <system-out/>
</testsuite> <!-- automationMaven.MavenJAVA.HomePage -->
