<?xml version="1.0" encoding="UTF-8"?>
<!-- Generated by org.testng.reporters.JUnitReportReporter -->
<testsuite hostname="IN01N02623" failures="0" tests="2" name="automationMaven.MavenJAVA.FirstTest" time="0.388" errors="0" timestamp="2021-06-18T11:11:29 IST" skipped="0">
  <testcase classname="automationMaven.MavenJAVA.FirstTest" name="demo2" time="0.044"/>
  <system-out/>
  <testcase classname="automationMaven.MavenJAVA.FirstTest" name="demo1" time="0.344"/>
  <system-out/>
</testsuite> <!-- automationMaven.MavenJAVA.FirstTest -->
